<?xml version="1.0" encoding="UTF-8"?>
<testsuite xmlns:xsi="http://www.w3.org/2001/XMLSchema-instance" xsi:noNamespaceSchemaLocation="https://maven.apache.org/surefire/maven-surefire-plugin/xsd/surefire-test-report.xsd" name="TestSuite" time="98.221" tests="58" errors="0" skipped="0" failures="15">
  <properties>
    <property name="java.runtime.name" value="Java(TM) SE Runtime Environment"/>
    <property name="sun.boot.library.path" value="C:\Program Files\Java\jdk1.8.0_131\jre\bin"/>
    <property name="java.vm.version" value="25.131-b11"/>
    <property name="java.vm.vendor" value="Oracle Corporation"/>
    <property name="maven.multiModuleProjectDirectory" value="C:\RPDG\rpdg_ui_tests"/>
    <property name="java.vendor.url" value="http://java.oracle.com/"/>
    <property name="path.separator" value=";"/>
    <property name="guice.disable.misplaced.annotation.check" value="true"/>
    <property name="java.vm.name" value="Java HotSpot(TM) 64-Bit Server VM"/>
    <property name="file.encoding.pkg" value="sun.io"/>
    <property name="user.script" value=""/>
    <property name="user.country" value="US"/>
    <property name="sun.java.launcher" value="SUN_STANDARD"/>
    <property name="sun.os.patch.level" value=""/>
    <property name="java.vm.specification.name" value="Java Virtual Machine Specification"/>
    <property name="user.dir" value="C:\RPDG\rpdg_ui_tests"/>
    <property name="java.runtime.version" value="1.8.0_131-b11"/>
    <property name="java.awt.graphicsenv" value="sun.awt.Win32GraphicsEnvironment"/>
    <property name="java.endorsed.dirs" value="C:\Program Files\Java\jdk1.8.0_131\jre\lib\endorsed"/>
    <property name="os.arch" value="amd64"/>
    <property name="java.io.tmpdir" value="C:\Users\Cronos\AppData\Local\Temp\"/>
    <property name="line.separator" value="&#10;"/>
    <property name="java.vm.specification.vendor" value="Oracle Corporation"/>
    <property name="user.variant" value=""/>
    <property name="os.name" value="Windows 10"/>
    <property name="classworlds.conf" value="C:\.metadata\.plugins\org.eclipse.m2e.launching\launches\m2conf5577752108506089712.tmp"/>
    <property name="sun.jnu.encoding" value="Cp1252"/>
    <property name="java.library.path" value="C:\Program Files\Java\jdk1.8.0_131\bin;C:\WINDOWS\Sun\Java\bin;C:\WINDOWS\system32;C:\WINDOWS;C:/Program Files/Java/jdk1.8.0_131/jre/bin/server;C:/Program Files/Java/jdk1.8.0_131/jre/bin;C:/Program Files/Java/jdk1.8.0_131/jre/lib/amd64;C:\Program Files (x86)\Razer Chroma SDK\bin;C:\Program Files\Razer Chroma SDK\bin;C:\ProgramData\Oracle\Java\javapath;C:\Windows\system32;C:\Windows;C:\Windows\System32\Wbem;C:\Windows\System32\WindowsPowerShell\v1.0\;C:\Program Files (x86)\Skype\Phone\;C:\Users\Cronos\AppData\Local\Microsoft\WindowsApps;C:\Users\Cronos\.dnx\bin;C:\Program Files\Microsoft DNX\Dnvm\;C:\Program Files (x86)\Windows Kits\8.1\Windows Performance Toolkit\;C:\Program Files\Microsoft SQL Server\130\Tools\Binn\;D:\OpenVPN\bin;C:\Program Files\nodejs\;C:\WINDOWS\system32;C:\WINDOWS;C:\WINDOWS\System32\Wbem;C:\WINDOWS\System32\WindowsPowerShell\v1.0\;C:\Program Files (x86)\NVIDIA Corporation\PhysX\Common;%SystemRoot%\system32;%SystemRoot%;%SystemRoot%\System32\Wbem;%SYSTEMROOT%\System32\WindowsPowerShell\v1.0\;C:\Users\Cronos\AppData\Roaming\npm;%USERPROFILE%\AppData\Local\Microsoft\WindowsApps;;C:\Users\Cronos\Desktop;;."/>
    <property name="java.specification.name" value="Java Platform API Specification"/>
    <property name="java.class.version" value="52.0"/>
    <property name="sun.management.compiler" value="HotSpot 64-Bit Tiered Compilers"/>
    <property name="os.version" value="10.0"/>
    <property name="user.home" value="C:\Users\Cronos"/>
    <property name="user.timezone" value="America/Los_Angeles"/>
    <property name="java.awt.printerjob" value="sun.awt.windows.WPrinterJob"/>
    <property name="java.specification.version" value="1.8"/>
    <property name="file.encoding" value="Cp1252"/>
    <property name="user.name" value="Cronos"/>
    <property name="java.class.path" value="/C:/Users/Cronos/.p2/pool/plugins/org.eclipse.m2e.maven.runtime_1.7.0.20160603-1931/jars/plexus-classworlds-2.5.2.jar"/>
    <property name="java.vm.specification.version" value="1.8"/>
    <property name="sun.arch.data.model" value="64"/>
    <property name="java.home" value="C:\Program Files\Java\jdk1.8.0_131\jre"/>
    <property name="sun.java.command" value="org.codehaus.plexus.classworlds.launcher.Launcher -B test"/>
    <property name="java.specification.vendor" value="Oracle Corporation"/>
    <property name="user.language" value="en"/>
    <property name="awt.toolkit" value="sun.awt.windows.WToolkit"/>
    <property name="java.vm.info" value="mixed mode"/>
    <property name="java.version" value="1.8.0_131"/>
    <property name="java.ext.dirs" value="C:\Program Files\Java\jdk1.8.0_131\jre\lib\ext;C:\WINDOWS\Sun\Java\lib\ext"/>
    <property name="sun.boot.class.path" value="C:\Program Files\Java\jdk1.8.0_131\jre\lib\resources.jar;C:\Program Files\Java\jdk1.8.0_131\jre\lib\rt.jar;C:\Program Files\Java\jdk1.8.0_131\jre\lib\sunrsasign.jar;C:\Program Files\Java\jdk1.8.0_131\jre\lib\jsse.jar;C:\Program Files\Java\jdk1.8.0_131\jre\lib\jce.jar;C:\Program Files\Java\jdk1.8.0_131\jre\lib\charsets.jar;C:\Program Files\Java\jdk1.8.0_131\jre\lib\jfr.jar;C:\Program Files\Java\jdk1.8.0_131\jre\classes"/>
    <property name="java.vendor" value="Oracle Corporation"/>
    <property name="maven.home" value="C:\RPDG\rpdg_ui_tests\EMBEDDED"/>
    <property name="file.separator" value="\"/>
    <property name="java.vendor.url.bug" value="http://bugreport.sun.com/bugreport/"/>
    <property name="sun.cpu.endian" value="little"/>
    <property name="sun.io.unicode.encoding" value="UnicodeLittle"/>
    <property name="sun.desktop" value="windows"/>
    <property name="sun.cpu.isalist" value="amd64"/>
  </properties>
  <testcase name="statusLinks" classname="localhost.testing.BasicNavigation" time="0.007">
    <failure type="java.lang.NullPointerException">java.lang.NullPointerException
	at localhost.testing.BasicNavigation.statusLinks(BasicNavigation.java:21)
</failure>
    <system-out><![CDATA[...
... TestNG 6.10 by CÃ©dric Beust (cedric@beust.com)
...

Failed due to an unhandled Exception
]]></system-out>
    <system-err><![CDATA[Starting ChromeDriver 2.28.455520 (cc17746adff54984afff480136733114c6b3704b) on port 18357
Only local connections are allowed.
Nov 29, 2017 2:31:14 PM org.openqa.selenium.remote.ProtocolHandshake createSession
INFO: Detected dialect: OSS
org.openqa.selenium.WebDriverException: unknown error: cannot get automation extension
from unknown error: page could not be found: chrome-extension://aapnijgdinlhnhlmodcfapnahmbfebeb/_generated_background_page.html
  (Session info: chrome=62.0.3202.94)
  (Driver info: chromedriver=2.28.455520 (cc17746adff54984afff480136733114c6b3704b),platform=Windows NT 10.0.16299 x86_64) (WARNING: The server did not provide any stacktrace information)
Command duration or timeout: 10.04 seconds
Build info: version: '3.4.0', revision: 'unknown', time: 'unknown'
System info: host: 'DESKTOP-0JEVNSK', ip: '172.19.105.161', os.name: 'Windows 10', os.arch: 'amd64', os.version: '10.0', java.version: '1.8.0_131'
Driver info: org.openqa.selenium.chrome.ChromeDriver
Capabilities [{applicationCacheEnabled=false, rotatable=false, mobileEmulationEnabled=false, networkConnectionEnabled=false, chrome={chromedriverVersion=2.28.455520 (cc17746adff54984afff480136733114c6b3704b), userDataDir=C:\Users\Cronos\AppData\Local\Temp\scoped_dir9980_25355}, takesHeapSnapshot=true, pageLoadStrategy=normal, databaseEnabled=false, handlesAlerts=true, hasTouchScreen=false, version=62.0.3202.94, platform=XP, browserConnectionEnabled=false, nativeEvents=true, acceptSslCerts=true, locationContextEnabled=true, webStorageEnabled=true, browserName=chrome, takesScreenshot=true, javascriptEnabled=true, cssSelectorsEnabled=true, unexpectedAlertBehaviour=}]
Session ID: bd7cfae90077b622512a14879c553fa5
	at sun.reflect.NativeConstructorAccessorImpl.newInstance0(Native Method)
	at sun.reflect.NativeConstructorAccessorImpl.newInstance(NativeConstructorAccessorImpl.java:62)
	at sun.reflect.DelegatingConstructorAccessorImpl.newInstance(DelegatingConstructorAccessorImpl.java:45)
	at java.lang.reflect.Constructor.newInstance(Constructor.java:423)
	at org.openqa.selenium.remote.ErrorHandler.createThrowable(ErrorHandler.java:215)
	at org.openqa.selenium.remote.ErrorHandler.throwIfResponseFailed(ErrorHandler.java:167)
	at org.openqa.selenium.remote.RemoteWebDriver.execute(RemoteWebDriver.java:671)
	at org.openqa.selenium.remote.RemoteWebDriver$RemoteWebDriverOptions$RemoteWindow.setSize(RemoteWebDriver.java:890)
	at localhost.testing.Driver.buildDriver(Driver.java:19)
	at localhost.testing.BasicNavigation.setup(BasicNavigation.java:15)
	at sun.reflect.NativeMethodAccessorImpl.invoke0(Native Method)
	at sun.reflect.NativeMethodAccessorImpl.invoke(NativeMethodAccessorImpl.java:62)
	at sun.reflect.DelegatingMethodAccessorImpl.invoke(DelegatingMethodAccessorImpl.java:43)
	at java.lang.reflect.Method.invoke(Method.java:498)
	at org.testng.internal.MethodInvocationHelper.invokeMethod(MethodInvocationHelper.java:104)
	at org.testng.internal.Invoker.invokeConfigurationMethod(Invoker.java:515)
	at org.testng.internal.Invoker.invokeConfigurations(Invoker.java:217)
	at org.testng.internal.Invoker.invokeConfigurations(Invoker.java:144)
	at org.testng.TestRunner.beforeRun(TestRunner.java:634)
	at org.testng.TestRunner.run(TestRunner.java:602)
	at org.testng.SuiteRunner.runTest(SuiteRunner.java:387)
	at org.testng.SuiteRunner.runSequentially(SuiteRunner.java:382)
	at org.testng.SuiteRunner.privateRun(SuiteRunner.java:340)
	at org.testng.SuiteRunner.run(SuiteRunner.java:289)
	at org.testng.SuiteRunnerWorker.runSuite(SuiteRunnerWorker.java:52)
	at org.testng.SuiteRunnerWorker.run(SuiteRunnerWorker.java:86)
	at org.testng.TestNG.runSuitesSequentially(TestNG.java:1293)
	at org.testng.TestNG.runSuitesLocally(TestNG.java:1218)
	at org.testng.TestNG.runSuites(TestNG.java:1133)
	at org.testng.TestNG.run(TestNG.java:1104)
	at org.apache.maven.surefire.testng.TestNGExecutor.run(TestNGExecutor.java:283)
	at org.apache.maven.surefire.testng.TestNGXmlTestSuite.execute(TestNGXmlTestSuite.java:75)
	at org.apache.maven.surefire.testng.TestNGProvider.invoke(TestNGProvider.java:120)
	at org.apache.maven.surefire.booter.ForkedBooter.invokeProviderInSameClassLoader(ForkedBooter.java:386)
	at org.apache.maven.surefire.booter.ForkedBooter.runSuitesInProcess(ForkedBooter.java:323)
	at org.apache.maven.surefire.booter.ForkedBooter.main(ForkedBooter.java:143)
]]></system-err>
  </testcase>
  <testcase name="configurationLinks" classname="localhost.testing.BasicNavigation" time="0">
    <failure type="java.lang.NullPointerException">java.lang.NullPointerException
	at localhost.testing.BasicNavigation.configurationLinks(BasicNavigation.java:37)
</failure>
  </testcase>
  <testcase name="overrideLinks" classname="localhost.testing.BasicNavigation" time="0">
    <failure type="java.lang.NullPointerException">java.lang.NullPointerException
	at localhost.testing.BasicNavigation.overrideLinks(BasicNavigation.java:52)
</failure>
  </testcase>
  <testcase name="scheduleLinks" classname="localhost.testing.BasicNavigation" time="0">
    <failure type="java.lang.NullPointerException">java.lang.NullPointerException
	at localhost.testing.BasicNavigation.scheduleLinks(BasicNavigation.java:65)
</failure>
  </testcase>
  <testcase name="groupsLinks" classname="localhost.testing.BasicNavigation" time="0.001">
    <failure type="java.lang.NullPointerException">java.lang.NullPointerException
	at localhost.testing.BasicNavigation.groupsLinks(BasicNavigation.java:76)
</failure>
  </testcase>
  <testcase name="scenelistsLinks" classname="localhost.testing.BasicNavigation" time="0">
    <failure type="java.lang.NullPointerException">java.lang.NullPointerException
	at localhost.testing.BasicNavigation.scenelistsLinks(BasicNavigation.java:85)
</failure>
  </testcase>
  <testcase name="closeBrowser" classname="localhost.testing.BasicNavigation" time="0">
    <failure type="java.lang.NullPointerException">java.lang.NullPointerException
	at localhost.testing.BasicNavigation.closeBrowser(BasicNavigation.java:92)
</failure>
  </testcase>
  <testcase name="addWirelessDevices" classname="localhost.testing.MaxOutputs" time="0.001"/>
  <testcase name="addWiredFixtures" classname="localhost.testing.MaxOutputs" time="0.001"/>
  <testcase name="addWirelessFixtures" classname="localhost.testing.MaxOutputs" time="0.001"/>
  <testcase name="checkOutputs" classname="localhost.testing.MaxOutputs" time="0.001"/>
  <testcase name="deleteAllFixtures" classname="localhost.testing.MaxOutputs" time="0.004"/>
  <testcase name="deleteAllDevices" classname="localhost.testing.MaxOutputs" time="0.001"/>
  <testcase name="closeBrowser" classname="localhost.testing.MaxOutputs" time="0.001">
    <failure type="java.lang.NullPointerException">java.lang.NullPointerException
	at localhost.testing.MaxOutputs.closeBrowser(MaxOutputs.java:310)
</failure>
  </testcase>
  <testcase name="createGroupAll" classname="localhost.testing.MultiInputs" time="0.001"/>
  <testcase name="addWetDryContacts" classname="localhost.testing.MultiInputs" time="1"/>
  <testcase name="checkInputs" classname="localhost.testing.MultiInputs" time="0.251"/>
  <testcase name="clearInputs" classname="localhost.testing.MultiInputs" time="0.001"/>
  <testcase name="clearGroupAll" classname="localhost.testing.MultiInputs" time="0.001"/>
  <testcase name="closeBrowser" classname="localhost.testing.MultiInputs" time="0.001">
    <failure type="java.lang.NullPointerException">java.lang.NullPointerException
	at localhost.testing.MultiInputs.closeBrowser(MultiInputs.java:195)
</failure>
  </testcase>
  <testcase name="addWiredFixtures" classname="localhost.testing.CreateGroups" time="0"/>
  <testcase name="createAllGroups" classname="localhost.testing.CreateGroups" time="0.004"/>
  <testcase name="clearAllGroups" classname="localhost.testing.CreateGroups" time="0.001"/>
  <testcase name="deleteAllFixtures" classname="localhost.testing.CreateGroups" time="0"/>
  <testcase name="closeBrowser" classname="localhost.testing.CreateGroups" time="0.001">
    <failure type="java.lang.NullPointerException">java.lang.NullPointerException
	at localhost.testing.CreateGroups.closeBrowser(CreateGroups.java:205)
</failure>
  </testcase>
  <testcase name="addWiredFixtures" classname="localhost.testing.CreateScenes" time="0.001"/>
  <testcase name="createAllScenes" classname="localhost.testing.CreateScenes" time="0.002"/>
  <testcase name="clearAllScenes" classname="localhost.testing.CreateScenes" time="0.001"/>
  <testcase name="deleteAllFixtures" classname="localhost.testing.CreateScenes" time="0.001"/>
  <testcase name="closeBrowser" classname="localhost.testing.CreateScenes" time="0.001">
    <failure type="java.lang.NullPointerException">java.lang.NullPointerException
	at localhost.testing.CreateScenes.closeBrowser(CreateScenes.java:216)
</failure>
  </testcase>
  <testcase name="addWiredFixtures" classname="localhost.testing.MultiOutputs" time="0"/>
  <testcase name="checkAllFixtures" classname="localhost.testing.MultiOutputs" time="0.001"/>
  <testcase name="changeFixtureIcon" classname="localhost.testing.MultiOutputs" time="0.001"/>
  <testcase name="deleteAllFixtures" classname="localhost.testing.MultiOutputs" time="0.006"/>
  <testcase name="closeBrowser" classname="localhost.testing.MultiOutputs" time="0.007">
    <failure type="java.lang.NullPointerException">java.lang.NullPointerException
	at localhost.testing.MultiOutputs.closeBrowser(MultiOutputs.java:342)
</failure>
  </testcase>
  <testcase name="deleteItems" classname="localhost.testing.CreateSchedule" time="0.001"/>
  <testcase name="closeBrowser" classname="localhost.testing.CreateSchedule" time="0.001">
    <failure type="java.lang.NullPointerException">java.lang.NullPointerException
	at localhost.testing.CreateSchedule.closeBrowser(CreateSchedule.java:202)
</failure>
  </testcase>
  <testcase name="siteZip" classname="localhost.testing.ErrorValidation" time="0.001"/>
  <testcase name="siteLat" classname="localhost.testing.ErrorValidation" time="0.001"/>
  <testcase name="siteLong" classname="localhost.testing.ErrorValidation" time="0"/>
  <testcase name="nodeName" classname="localhost.testing.ErrorValidation" time="0"/>
  <testcase name="fixtureName" classname="localhost.testing.ErrorValidation" time="0.001"/>
  <testcase name="contactinputName" classname="localhost.testing.ErrorValidation" time="0"/>
  <testcase name="levelinputName" classname="localhost.testing.ErrorValidation" time="0.001"/>
  <testcase name="sceneName" classname="localhost.testing.ErrorValidation" time="0.001"/>
  <testcase name="groupName" classname="localhost.testing.ErrorValidation" time="0"/>
  <testcase name="scenelistName" classname="localhost.testing.ErrorValidation" time="0.001"/>
  <testcase name="closeBrowser" classname="localhost.testing.ErrorValidation" time="0.001">
    <failure type="java.lang.NullPointerException">java.lang.NullPointerException
	at localhost.testing.ErrorValidation.closeBrowser(ErrorValidation.java:594)
</failure>
  </testcase>
  <testcase name="addWiredFixtures" classname="localhost.testing.WallStation" time="0"/>
  <testcase name="createAllScenes" classname="localhost.testing.WallStation" time="0"/>
  <testcase name="createAllGroups" classname="localhost.testing.WallStation" time="0"/>
  <testcase name="checkScenes" classname="localhost.testing.WallStation" time="0.001"/>
  <testcase name="checkGroups" classname="localhost.testing.WallStation" time="0.001"/>
  <testcase name="checkFixtures" classname="localhost.testing.WallStation" time="0.001"/>
  <testcase name="deleteAllFixtures" classname="localhost.testing.WallStation" time="0"/>
  <testcase name="clearAllScenes" classname="localhost.testing.WallStation" time="0.001"/>
  <testcase name="clearAllGroups" classname="localhost.testing.WallStation" time="0.001"/>
  <testcase name="closeBrowser" classname="localhost.testing.WallStation" time="0.001">
    <failure type="java.lang.NullPointerException">java.lang.NullPointerException
	at localhost.testing.WallStation.closeBrowser(WallStation.java:520)
</failure>
  </testcase>
</testsuite>